# JRE version: OpenJDK Runtime Environment (8.0_242-b01) (build 1.8.0_242-release-1644-b01)
# Java VM: OpenJDK 64-Bit Server VM (25.242-b01 mixed mode windows-amd64 compressed oops)
Heap:
 PSYoungGen      total 138240K, used 26477K [0x00000000d5d80000, 0x00000000e0c00000, 0x0000000100000000)
  eden space 133120K, 19% used [0x00000000d5d80000,0x00000000d775b620,0x00000000ddf80000)
  from space 5120K, 0% used [0x00000000ddf80000,0x00000000ddf80000,0x00000000de480000)
  to   space 16896K, 0% used [0x00000000dfb80000,0x00000000dfb80000,0x00000000e0c00000)
 ParOldGen       total 65024K, used 53224K [0x0000000081800000, 0x0000000085780000, 0x00000000d5d80000)
  object space 65024K, 81% used [0x0000000081800000,0x0000000084bfa290,0x0000000085780000)
 Metaspace       used 58794K, capacity 59998K, committed 60184K, reserved 1101824K
  class space    used 7001K, capacity 7281K, committed 7296K, reserved 1048576K
GC Heap History (10 events):
Event: 2.261 GC heap before
{Heap before GC invocations=6 (full 1):
 PSYoungGen      total 103936K, used 41037K [0x00000000d5d80000, 0x00000000de980000, 0x0000000100000000)
  eden space 98816K, 36% used [0x00000000d5d80000,0x00000000d809a8f8,0x00000000dbe00000)
  from space 5120K, 99% used [0x00000000de480000,0x00000000de978c10,0x00000000de980000)
  to   space 5120K, 0% used [0x00000000ddf80000,0x00000000ddf80000,0x00000000de480000)
 ParOldGen       total 65024K, used 19615K [0x0000000081800000, 0x0000000085780000, 0x00000000d5d80000)
  object space 65024K, 30% used [0x0000000081800000,0x0000000082b27dc8,0x0000000085780000)
 Metaspace       used 34833K, capacity 35356K, committed 35496K, reserved 1081344K
  class space    used 4435K, capacity 4590K, committed 4608K, reserved 1048576K
Event: 2.268 GC heap after
Heap after GC invocations=6 (full 1):
 PSYoungGen      total 138240K, used 5093K [0x00000000d5d80000, 0x00000000e0c00000, 0x0000000100000000)
  eden space 133120K, 0% used [0x00000000d5d80000,0x00000000d5d80000,0x00000000ddf80000)
  from space 5120K, 99% used [0x00000000ddf80000,0x00000000de4796a0,0x00000000de480000)
  to   space 16896K, 0% used [0x00000000dfb80000,0x00000000dfb80000,0x00000000e0c00000)
 ParOldGen       total 65024K, used 28512K [0x0000000081800000, 0x0000000085780000, 0x00000000d5d80000)
  object space 65024K, 43% used [0x0000000081800000,0x00000000833d8320,0x0000000085780000)
 Metaspace       used 34833K, capacity 35356K, committed 35496K, reserved 1081344K
  class space    used 4435K, capacity 4590K, committed 4608K, reserved 1048576K
}
Event: 2.268 GC heap before
{Heap before GC invocations=7 (full 2):
 PSYoungGen      total 138240K, used 5093K [0x00000000d5d80000, 0x00000000e0c00000, 0x0000000100000000)
  eden space 133120K, 0% used [0x00000000d5d80000,0x00000000d5d80000,0x00000000ddf80000)
  from space 5120K, 99% used [0x00000000ddf80000,0x00000000de4796a0,0x00000000de480000)
  to   space 16896K, 0% used [0x00000000dfb80000,0x00000000dfb80000,0x00000000e0c00000)
 ParOldGen       total 65024K, used 28512K [0x0000000081800000, 0x0000000085780000, 0x00000000d5d80000)
  object space 65024K, 43% used [0x0000000081800000,0x00000000833d8320,0x0000000085780000)
 Metaspace       used 34833K, capacity 35356K, committed 35496K, reserved 1081344K
  class space    used 4435K, capacity 4590K, committed 4608K, reserved 1048576K
Event: 2.319 GC heap after
Heap after GC invocations=7 (full 2):
 PSYoungGen      total 138240K, used 0K [0x00000000d5d80000, 0x00000000e0c00000, 0x0000000100000000)
  eden space 133120K, 0% used [0x00000000d5d80000,0x00000000d5d80000,0x00000000ddf80000)
  from space 5120K, 0% used [0x00000000ddf80000,0x00000000ddf80000,0x00000000de480000)
  to   space 16896K, 0% used [0x00000000dfb80000,0x00000000dfb80000,0x00000000e0c00000)
 ParOldGen       total 65024K, used 22133K [0x0000000081800000, 0x0000000085780000, 0x00000000d5d80000)
  object space 65024K, 34% used [0x0000000081800000,0x0000000082d9d4e0,0x0000000085780000)
 Metaspace       used 34833K, capacity 35356K, committed 35496K, reserved 1081344K
  class space    used 4435K, capacity 4590K, committed 4608K, reserved 1048576K
}
Event: 3.761 GC heap before
{Heap before GC invocations=8 (full 2):
 PSYoungGen      total 138240K, used 133120K [0x00000000d5d80000, 0x00000000e0c00000, 0x0000000100000000)
  eden space 133120K, 100% used [0x00000000d5d80000,0x00000000ddf80000,0x00000000ddf80000)
  from space 5120K, 0% used [0x00000000ddf80000,0x00000000ddf80000,0x00000000de480000)
  to   space 16896K, 0% used [0x00000000dfb80000,0x00000000dfb80000,0x00000000e0c00000)
 ParOldGen       total 65024K, used 22133K [0x0000000081800000, 0x0000000085780000, 0x00000000d5d80000)
  object space 65024K, 34% used [0x0000000081800000,0x0000000082d9d4e0,0x0000000085780000)
 Metaspace       used 45208K, capacity 45940K, committed 46336K, reserved 1089536K
  class space    used 5625K, capacity 5834K, committed 5888K, reserved 1048576K
Event: 3.776 GC heap after
Heap after GC invocations=8 (full 2):
 PSYoungGen      total 150016K, used 16875K [0x00000000d5d80000, 0x00000000e0c00000, 0x0000000100000000)
  eden space 133120K, 0% used [0x00000000d5d80000,0x00000000d5d80000,0x00000000ddf80000)
  from space 16896K, 99% used [0x00000000dfb80000,0x00000000e0bfae10,0x00000000e0c00000)
  to   space 5120K, 0% used [0x00000000ddf80000,0x00000000ddf80000,0x00000000de480000)
 ParOldGen       total 65024K, used 31906K [0x0000000081800000, 0x0000000085780000, 0x00000000d5d80000)
  object space 65024K, 49% used [0x0000000081800000,0x0000000083728b08,0x0000000085780000)
 Metaspace       used 45208K, capacity 45940K, committed 46336K, reserved 1089536K
  class space    used 5625K, capacity 5834K, committed 5888K, reserved 1048576K
}
Event: 5.885 GC heap before
{Heap before GC invocations=9 (full 2):
 PSYoungGen      total 150016K, used 136409K [0x00000000d5d80000, 0x00000000e0c00000, 0x0000000100000000)
  eden space 133120K, 89% used [0x00000000d5d80000,0x00000000dd23b670,0x00000000ddf80000)
  from space 16896K, 99% used [0x00000000dfb80000,0x00000000e0bfae10,0x00000000e0c00000)
  to   space 5120K, 0% used [0x00000000ddf80000,0x00000000ddf80000,0x00000000de480000)
 ParOldGen       total 65024K, used 31906K [0x0000000081800000, 0x0000000085780000, 0x00000000d5d80000)
  object space 65024K, 49% used [0x0000000081800000,0x0000000083728b08,0x0000000085780000)
 Metaspace       used 57873K, capacity 59022K, committed 59160K, reserved 1101824K
  class space    used 6964K, capacity 7259K, committed 7296K, reserved 1048576K
Event: 5.910 GC heap after
Heap after GC invocations=9 (full 2):
 PSYoungGen      total 138240K, used 5096K [0x00000000d5d80000, 0x00000000e0c00000, 0x0000000100000000)
  eden space 133120K, 0% used [0x00000000d5d80000,0x00000000d5d80000,0x00000000ddf80000)
  from space 5120K, 99% used [0x00000000ddf80000,0x00000000de47a020,0x00000000de480000)
  to   space 16896K, 0% used [0x00000000dfb80000,0x00000000dfb80000,0x00000000e0c00000)
 ParOldGen       total 65024K, used 64722K [0x0000000081800000, 0x0000000085780000, 0x00000000d5d80000)
  object space 65024K, 99% used [0x0000000081800000,0x00000000857348c8,0x0000000085780000)
 Metaspace       used 57873K, capacity 59022K, committed 59160K, reserved 1101824K
  class space    used 6964K, capacity 7259K, committed 7296K, reserved 1048576K
}
Event: 5.911 GC heap before
{Heap before GC invocations=10 (full 3):
 PSYoungGen      total 138240K, used 5096K [0x00000000d5d80000, 0x00000000e0c00000, 0x0000000100000000)
  eden space 133120K, 0% used [0x00000000d5d80000,0x00000000d5d80000,0x00000000ddf80000)
  from space 5120K, 99% used [0x00000000ddf80000,0x00000000de47a020,0x00000000de480000)
  to   space 16896K, 0% used [0x00000000dfb80000,0x00000000dfb80000,0x00000000e0c00000)
 ParOldGen       total 65024K, used 64722K [0x0000000081800000, 0x0000000085780000, 0x00000000d5d80000)
  object space 65024K, 99% used [0x0000000081800000,0x00000000857348c8,0x0000000085780000)
 Metaspace       used 57873K, capacity 59022K, committed 59160K, reserved 1101824K
  class space    used 6964K, capacity 7259K, committed 7296K, reserved 1048576K
Event: 6.125 GC heap after
Heap after GC invocations=10 (full 3):
 PSYoungGen      total 138240K, used 0K [0x00000000d5d80000, 0x00000000e0c00000, 0x0000000100000000)
  eden space 133120K, 0% used [0x00000000d5d80000,0x00000000d5d80000,0x00000000ddf80000)
  from space 5120K, 0% used [0x00000000ddf80000,0x00000000ddf80000,0x00000000de480000)
  to   space 16896K, 0% used [0x00000000dfb80000,0x00000000dfb80000,0x00000000e0c00000)
 ParOldGen       total 65024K, used 53224K [0x0000000081800000, 0x0000000085780000, 0x00000000d5d80000)
  object space 65024K, 81% used [0x0000000081800000,0x0000000084bfa290,0x0000000085780000)
 Metaspace       used 57873K, capacity 59022K, committed 59160K, reserved 1101824K
  class space    used 6964K, capacity 7259K, committed 7296K, reserved 1048576K
}

