# JRE version: OpenJDK Runtime Environment (8.0_242-b01) (build 1.8.0_242-release-1644-b01)
# Java VM: OpenJDK 64-Bit Server VM (25.242-b01 mixed mode windows-amd64 compressed oops)
Heap:
 PSYoungGen      total 38400K, used 11178K [0x00000000d5d80000, 0x00000000d9380000, 0x0000000100000000)
  eden space 33280K, 33% used [0x00000000d5d80000,0x00000000d686a910,0x00000000d7e00000)
  from space 5120K, 0% used [0x00000000d7e00000,0x00000000d7e00000,0x00000000d8300000)
  to   space 5120K, 0% used [0x00000000d8e80000,0x00000000d8e80000,0x00000000d9380000)
 ParOldGen       total 113152K, used 11653K [0x0000000081800000, 0x0000000088680000, 0x00000000d5d80000)
  object space 113152K, 10% used [0x0000000081800000,0x0000000082361718,0x0000000088680000)
 Metaspace       used 21336K, capacity 21778K, committed 21936K, reserved 1071104K
  class space    used 2546K, capacity 2694K, committed 2816K, reserved 1048576K
GC Heap History (10 events):
Event: 0.362 GC heap before
{Heap before GC invocations=1 (full 0):
 PSYoungGen      total 38400K, used 20144K [0x00000000d5d80000, 0x00000000d8800000, 0x0000000100000000)
  eden space 33280K, 60% used [0x00000000d5d80000,0x00000000d712c1e8,0x00000000d7e00000)
  from space 5120K, 0% used [0x00000000d8300000,0x00000000d8300000,0x00000000d8800000)
  to   space 5120K, 0% used [0x00000000d7e00000,0x00000000d7e00000,0x00000000d8300000)
 ParOldGen       total 87552K, used 0K [0x0000000081800000, 0x0000000086d80000, 0x00000000d5d80000)
  object space 87552K, 0% used [0x0000000081800000,0x0000000081800000,0x0000000086d80000)
 Metaspace       used 7634K, capacity 7980K, committed 8064K, reserved 1062912K
  class space    used 789K, capacity 860K, committed 896K, reserved 1048576K
Event: 0.366 GC heap after
Heap after GC invocations=1 (full 0):
 PSYoungGen      total 38400K, used 4530K [0x00000000d5d80000, 0x00000000d8800000, 0x0000000100000000)
  eden space 33280K, 0% used [0x00000000d5d80000,0x00000000d5d80000,0x00000000d7e00000)
  from space 5120K, 88% used [0x00000000d7e00000,0x00000000d826c9b0,0x00000000d8300000)
  to   space 5120K, 0% used [0x00000000d8300000,0x00000000d8300000,0x00000000d8800000)
 ParOldGen       total 87552K, used 8K [0x0000000081800000, 0x0000000086d80000, 0x00000000d5d80000)
  object space 87552K, 0% used [0x0000000081800000,0x0000000081802000,0x0000000086d80000)
 Metaspace       used 7634K, capacity 7980K, committed 8064K, reserved 1062912K
  class space    used 789K, capacity 860K, committed 896K, reserved 1048576K
}
Event: 0.366 GC heap before
{Heap before GC invocations=2 (full 1):
 PSYoungGen      total 38400K, used 4530K [0x00000000d5d80000, 0x00000000d8800000, 0x0000000100000000)
  eden space 33280K, 0% used [0x00000000d5d80000,0x00000000d5d80000,0x00000000d7e00000)
  from space 5120K, 88% used [0x00000000d7e00000,0x00000000d826c9b0,0x00000000d8300000)
  to   space 5120K, 0% used [0x00000000d8300000,0x00000000d8300000,0x00000000d8800000)
 ParOldGen       total 87552K, used 8K [0x0000000081800000, 0x0000000086d80000, 0x00000000d5d80000)
  object space 87552K, 0% used [0x0000000081800000,0x0000000081802000,0x0000000086d80000)
 Metaspace       used 7634K, capacity 7980K, committed 8064K, reserved 1062912K
  class space    used 789K, capacity 860K, committed 896K, reserved 1048576K
Event: 0.376 GC heap after
Heap after GC invocations=2 (full 1):
 PSYoungGen      total 38400K, used 0K [0x00000000d5d80000, 0x00000000d8800000, 0x0000000100000000)
  eden space 33280K, 0% used [0x00000000d5d80000,0x00000000d5d80000,0x00000000d7e00000)
  from space 5120K, 0% used [0x00000000d7e00000,0x00000000d7e00000,0x00000000d8300000)
  to   space 5120K, 0% used [0x00000000d8300000,0x00000000d8300000,0x00000000d8800000)
 ParOldGen       total 61440K, used 4156K [0x0000000081800000, 0x0000000085400000, 0x00000000d5d80000)
  object space 61440K, 6% used [0x0000000081800000,0x0000000081c0f200,0x0000000085400000)
 Metaspace       used 7634K, capacity 7980K, committed 8064K, reserved 1060864K
  class space    used 789K, capacity 860K, committed 896K, reserved 1048576K
}
Event: 0.765 GC heap before
{Heap before GC invocations=3 (full 1):
 PSYoungGen      total 38400K, used 33280K [0x00000000d5d80000, 0x00000000d8800000, 0x0000000100000000)
  eden space 33280K, 100% used [0x00000000d5d80000,0x00000000d7e00000,0x00000000d7e00000)
  from space 5120K, 0% used [0x00000000d7e00000,0x00000000d7e00000,0x00000000d8300000)
  to   space 5120K, 0% used [0x00000000d8300000,0x00000000d8300000,0x00000000d8800000)
 ParOldGen       total 61440K, used 4156K [0x0000000081800000, 0x0000000085400000, 0x00000000d5d80000)
  object space 61440K, 6% used [0x0000000081800000,0x0000000081c0f200,0x0000000085400000)
 Metaspace       used 13178K, capacity 13420K, committed 13696K, reserved 1064960K
  class space    used 1495K, capacity 1562K, committed 1664K, reserved 1048576K
Event: 0.771 GC heap after
Heap after GC invocations=3 (full 1):
 PSYoungGen      total 38400K, used 5117K [0x00000000d5d80000, 0x00000000d9380000, 0x0000000100000000)
  eden space 33280K, 0% used [0x00000000d5d80000,0x00000000d5d80000,0x00000000d7e00000)
  from space 5120K, 99% used [0x00000000d8300000,0x00000000d87ff4f0,0x00000000d8800000)
  to   space 5120K, 0% used [0x00000000d7e00000,0x00000000d7e00000,0x00000000d8300000)
 ParOldGen       total 61440K, used 7286K [0x0000000081800000, 0x0000000085400000, 0x00000000d5d80000)
  object space 61440K, 11% used [0x0000000081800000,0x0000000081f1d9f0,0x0000000085400000)
 Metaspace       used 13178K, capacity 13420K, committed 13696K, reserved 1064960K
  class space    used 1495K, capacity 1562K, committed 1664K, reserved 1048576K
}
Event: 1.235 GC heap before
{Heap before GC invocations=4 (full 1):
 PSYoungGen      total 38400K, used 36431K [0x00000000d5d80000, 0x00000000d9380000, 0x0000000100000000)
  eden space 33280K, 94% used [0x00000000d5d80000,0x00000000d7c14870,0x00000000d7e00000)
  from space 5120K, 99% used [0x00000000d8300000,0x00000000d87ff4f0,0x00000000d8800000)
  to   space 5120K, 0% used [0x00000000d7e00000,0x00000000d7e00000,0x00000000d8300000)
 ParOldGen       total 61440K, used 7286K [0x0000000081800000, 0x0000000085400000, 0x00000000d5d80000)
  object space 61440K, 11% used [0x0000000081800000,0x0000000081f1d9f0,0x0000000085400000)
 Metaspace       used 20773K, capacity 21174K, committed 21296K, reserved 1071104K
  class space    used 2473K, capacity 2628K, committed 2688K, reserved 1048576K
Event: 1.242 GC heap after
Heap after GC invocations=4 (full 1):
 PSYoungGen      total 38400K, used 5100K [0x00000000d5d80000, 0x00000000d9380000, 0x0000000100000000)
  eden space 33280K, 0% used [0x00000000d5d80000,0x00000000d5d80000,0x00000000d7e00000)
  from space 5120K, 99% used [0x00000000d7e00000,0x00000000d82fb370,0x00000000d8300000)
  to   space 5120K, 0% used [0x00000000d8e80000,0x00000000d8e80000,0x00000000d9380000)
 ParOldGen       total 61440K, used 12950K [0x0000000081800000, 0x0000000085400000, 0x00000000d5d80000)
  object space 61440K, 21% used [0x0000000081800000,0x00000000824a5808,0x0000000085400000)
 Metaspace       used 20773K, capacity 21174K, committed 21296K, reserved 1071104K
  class space    used 2473K, capacity 2628K, committed 2688K, reserved 1048576K
}
Event: 1.242 GC heap before
{Heap before GC invocations=5 (full 2):
 PSYoungGen      total 38400K, used 5100K [0x00000000d5d80000, 0x00000000d9380000, 0x0000000100000000)
  eden space 33280K, 0% used [0x00000000d5d80000,0x00000000d5d80000,0x00000000d7e00000)
  from space 5120K, 99% used [0x00000000d7e00000,0x00000000d82fb370,0x00000000d8300000)
  to   space 5120K, 0% used [0x00000000d8e80000,0x00000000d8e80000,0x00000000d9380000)
 ParOldGen       total 61440K, used 12950K [0x0000000081800000, 0x0000000085400000, 0x00000000d5d80000)
  object space 61440K, 21% used [0x0000000081800000,0x00000000824a5808,0x0000000085400000)
 Metaspace       used 20773K, capacity 21174K, committed 21296K, reserved 1071104K
  class space    used 2473K, capacity 2628K, committed 2688K, reserved 1048576K
Event: 1.267 GC heap after
Heap after GC invocations=5 (full 2):
 PSYoungGen      total 38400K, used 0K [0x00000000d5d80000, 0x00000000d9380000, 0x0000000100000000)
  eden space 33280K, 0% used [0x00000000d5d80000,0x00000000d5d80000,0x00000000d7e00000)
  from space 5120K, 0% used [0x00000000d7e00000,0x00000000d7e00000,0x00000000d8300000)
  to   space 5120K, 0% used [0x00000000d8e80000,0x00000000d8e80000,0x00000000d9380000)
 ParOldGen       total 113152K, used 11653K [0x0000000081800000, 0x0000000088680000, 0x00000000d5d80000)
  object space 113152K, 10% used [0x0000000081800000,0x0000000082361718,0x0000000088680000)
 Metaspace       used 20773K, capacity 21174K, committed 21296K, reserved 1071104K
  class space    used 2473K, capacity 2628K, committed 2688K, reserved 1048576K
}

