# JRE version: OpenJDK Runtime Environment (8.0_242-b01) (build 1.8.0_242-release-1644-b01)
# Java VM: OpenJDK 64-Bit Server VM (25.242-b01 mixed mode windows-amd64 compressed oops)
Heap:
 PSYoungGen      total 359936K, used 193115K [0x00000000d5580000, 0x00000000ef180000, 0x0000000100000000)
  eden space 308736K, 55% used [0x00000000d5580000,0x00000000dfd24928,0x00000000e8300000)
  from space 51200K, 41% used [0x00000000e8300000,0x00000000e97f24c0,0x00000000eb500000)
  to   space 48128K, 0% used [0x00000000ec280000,0x00000000ec280000,0x00000000ef180000)
 ParOldGen       total 210944K, used 97380K [0x0000000080000000, 0x000000008ce00000, 0x00000000d5580000)
  object space 210944K, 46% used [0x0000000080000000,0x0000000085f191f8,0x000000008ce00000)
 Metaspace       used 136958K, capacity 143892K, committed 144076K, reserved 1173504K
  class space    used 18041K, capacity 19415K, committed 19456K, reserved 1048576K
GC Heap History (10 events):
Event: 548.106 GC heap before
{Heap before GC invocations=23 (full 4):
 PSYoungGen      total 300032K, used 291566K [0x00000000d5580000, 0x00000000ea100000, 0x0000000100000000)
  eden space 266752K, 100% used [0x00000000d5580000,0x00000000e5a00000,0x00000000e5a00000)
  from space 33280K, 74% used [0x00000000e7c00000,0x00000000e943b9a0,0x00000000e9c80000)
  to   space 34816K, 0% used [0x00000000e5a00000,0x00000000e5a00000,0x00000000e7c00000)
 ParOldGen       total 210944K, used 67922K [0x0000000080000000, 0x000000008ce00000, 0x00000000d5580000)
  object space 210944K, 32% used [0x0000000080000000,0x0000000084254bd8,0x000000008ce00000)
 Metaspace       used 117210K, capacity 122328K, committed 122444K, reserved 1155072K
  class space    used 15377K, capacity 16450K, committed 16512K, reserved 1048576K
Event: 548.128 GC heap after
Heap after GC invocations=23 (full 4):
 PSYoungGen      total 301568K, used 34794K [0x00000000d5580000, 0x00000000ecb80000, 0x0000000100000000)
  eden space 266752K, 0% used [0x00000000d5580000,0x00000000d5580000,0x00000000e5a00000)
  from space 34816K, 99% used [0x00000000e5a00000,0x00000000e7bfaae8,0x00000000e7c00000)
  to   space 41984K, 0% used [0x00000000ea280000,0x00000000ea280000,0x00000000ecb80000)
 ParOldGen       total 210944K, used 73633K [0x0000000080000000, 0x000000008ce00000, 0x00000000d5580000)
  object space 210944K, 34% used [0x0000000080000000,0x00000000847e86c8,0x000000008ce00000)
 Metaspace       used 117210K, capacity 122328K, committed 122444K, reserved 1155072K
  class space    used 15377K, capacity 16450K, committed 16512K, reserved 1048576K
}
Event: 673.015 GC heap before
{Heap before GC invocations=24 (full 4):
 PSYoungGen      total 301568K, used 301546K [0x00000000d5580000, 0x00000000ecb80000, 0x0000000100000000)
  eden space 266752K, 100% used [0x00000000d5580000,0x00000000e5a00000,0x00000000e5a00000)
  from space 34816K, 99% used [0x00000000e5a00000,0x00000000e7bfaae8,0x00000000e7c00000)
  to   space 41984K, 0% used [0x00000000ea280000,0x00000000ea280000,0x00000000ecb80000)
 ParOldGen       total 210944K, used 73633K [0x0000000080000000, 0x000000008ce00000, 0x00000000d5580000)
  object space 210944K, 34% used [0x0000000080000000,0x00000000847e86c8,0x000000008ce00000)
 Metaspace       used 124365K, capacity 129824K, committed 130124K, reserved 1161216K
  class space    used 16317K, capacity 17471K, committed 17536K, reserved 1048576K
Event: 673.047 GC heap after
Heap after GC invocations=24 (full 4):
 PSYoungGen      total 331776K, used 41953K [0x00000000d5580000, 0x00000000ed800000, 0x0000000100000000)
  eden space 289792K, 0% used [0x00000000d5580000,0x00000000d5580000,0x00000000e7080000)
  from space 41984K, 99% used [0x00000000ea280000,0x00000000ecb78560,0x00000000ecb80000)
  to   space 51200K, 0% used [0x00000000e7080000,0x00000000e7080000,0x00000000ea280000)
 ParOldGen       total 210944K, used 81219K [0x0000000080000000, 0x000000008ce00000, 0x00000000d5580000)
  object space 210944K, 38% used [0x0000000080000000,0x0000000084f50df0,0x000000008ce00000)
 Metaspace       used 124365K, capacity 129824K, committed 130124K, reserved 1161216K
  class space    used 16317K, capacity 17471K, committed 17536K, reserved 1048576K
}
Event: 724.253 GC heap before
{Heap before GC invocations=25 (full 4):
 PSYoungGen      total 331776K, used 331745K [0x00000000d5580000, 0x00000000ed800000, 0x0000000100000000)
  eden space 289792K, 100% used [0x00000000d5580000,0x00000000e7080000,0x00000000e7080000)
  from space 41984K, 99% used [0x00000000ea280000,0x00000000ecb78560,0x00000000ecb80000)
  to   space 51200K, 0% used [0x00000000e7080000,0x00000000e7080000,0x00000000ea280000)
 ParOldGen       total 210944K, used 81219K [0x0000000080000000, 0x000000008ce00000, 0x00000000d5580000)
  object space 210944K, 38% used [0x0000000080000000,0x0000000084f50df0,0x000000008ce00000)
 Metaspace       used 134902K, capacity 141574K, committed 141644K, reserved 1171456K
  class space    used 17935K, capacity 19268K, committed 19328K, reserved 1048576K
Event: 724.293 GC heap after
Heap after GC invocations=25 (full 4):
 PSYoungGen      total 340992K, used 33702K [0x00000000d5580000, 0x00000000eee80000, 0x0000000100000000)
  eden space 289792K, 0% used [0x00000000d5580000,0x00000000d5580000,0x00000000e7080000)
  from space 51200K, 65% used [0x00000000e7080000,0x00000000e9169be0,0x00000000ea280000)
  to   space 52736K, 0% used [0x00000000ebb00000,0x00000000ebb00000,0x00000000eee80000)
 ParOldGen       total 210944K, used 97364K [0x0000000080000000, 0x000000008ce00000, 0x00000000d5580000)
  object space 210944K, 46% used [0x0000000080000000,0x0000000085f151f8,0x000000008ce00000)
 Metaspace       used 134902K, capacity 141574K, committed 141644K, reserved 1171456K
  class space    used 17935K, capacity 19268K, committed 19328K, reserved 1048576K
}
Event: 798.675 GC heap before
{Heap before GC invocations=26 (full 4):
 PSYoungGen      total 340992K, used 323494K [0x00000000d5580000, 0x00000000eee80000, 0x0000000100000000)
  eden space 289792K, 100% used [0x00000000d5580000,0x00000000e7080000,0x00000000e7080000)
  from space 51200K, 65% used [0x00000000e7080000,0x00000000e9169be0,0x00000000ea280000)
  to   space 52736K, 0% used [0x00000000ebb00000,0x00000000ebb00000,0x00000000eee80000)
 ParOldGen       total 210944K, used 97364K [0x0000000080000000, 0x000000008ce00000, 0x00000000d5580000)
  object space 210944K, 46% used [0x0000000080000000,0x0000000085f151f8,0x000000008ce00000)
 Metaspace       used 135287K, capacity 142098K, committed 142156K, reserved 1171456K
  class space    used 17959K, capacity 19310K, committed 19328K, reserved 1048576K
Event: 798.702 GC heap after
Heap after GC invocations=26 (full 4):
 PSYoungGen      total 353792K, used 16412K [0x00000000d5580000, 0x00000000ee700000, 0x0000000100000000)
  eden space 308736K, 0% used [0x00000000d5580000,0x00000000d5580000,0x00000000e8300000)
  from space 45056K, 36% used [0x00000000ebb00000,0x00000000ecb07340,0x00000000ee700000)
  to   space 51200K, 0% used [0x00000000e8300000,0x00000000e8300000,0x00000000eb500000)
 ParOldGen       total 210944K, used 97372K [0x0000000080000000, 0x000000008ce00000, 0x00000000d5580000)
  object space 210944K, 46% used [0x0000000080000000,0x0000000085f171f8,0x000000008ce00000)
 Metaspace       used 135287K, capacity 142098K, committed 142156K, reserved 1171456K
  class space    used 17959K, capacity 19310K, committed 19328K, reserved 1048576K
}
Event: 810.897 GC heap before
{Heap before GC invocations=27 (full 4):
 PSYoungGen      total 353792K, used 325148K [0x00000000d5580000, 0x00000000ee700000, 0x0000000100000000)
  eden space 308736K, 100% used [0x00000000d5580000,0x00000000e8300000,0x00000000e8300000)
  from space 45056K, 36% used [0x00000000ebb00000,0x00000000ecb07340,0x00000000ee700000)
  to   space 51200K, 0% used [0x00000000e8300000,0x00000000e8300000,0x00000000eb500000)
 ParOldGen       total 210944K, used 97372K [0x0000000080000000, 0x000000008ce00000, 0x00000000d5580000)
  object space 210944K, 46% used [0x0000000080000000,0x0000000085f171f8,0x000000008ce00000)
 Metaspace       used 135649K, capacity 142600K, committed 142796K, reserved 1173504K
  class space    used 17985K, capacity 19355K, committed 19456K, reserved 1048576K
Event: 810.909 GC heap after
Heap after GC invocations=27 (full 4):
 PSYoungGen      total 359936K, used 21449K [0x00000000d5580000, 0x00000000ef180000, 0x0000000100000000)
  eden space 308736K, 0% used [0x00000000d5580000,0x00000000d5580000,0x00000000e8300000)
  from space 51200K, 41% used [0x00000000e8300000,0x00000000e97f24c0,0x00000000eb500000)
  to   space 48128K, 0% used [0x00000000ec280000,0x00000000ec280000,0x00000000ef180000)
 ParOldGen       total 210944K, used 97380K [0x0000000080000000, 0x000000008ce00000, 0x00000000d5580000)
  object space 210944K, 46% used [0x0000000080000000,0x0000000085f191f8,0x000000008ce00000)
 Metaspace       used 135649K, capacity 142600K, committed 142796K, reserved 1173504K
  class space    used 17985K, capacity 19355K, committed 19456K, reserved 1048576K
}

