# JRE version: OpenJDK Runtime Environment (8.0_242-b01) (build 1.8.0_242-release-1644-b01)
# Java VM: OpenJDK 64-Bit Server VM (25.242-b01 mixed mode windows-amd64 compressed oops)
Heap:
 PSYoungGen      total 420864K, used 340681K [0x00000000d5580000, 0x00000000f4980000, 0x0000000100000000)
  eden space 331264K, 84% used [0x00000000d5580000,0x00000000e66bf2e8,0x00000000e9900000)
  from space 89600K, 67% used [0x00000000ef080000,0x00000000f2bf33a0,0x00000000f4800000)
  to   space 89600K, 0% used [0x00000000e9900000,0x00000000e9900000,0x00000000ef080000)
 ParOldGen       total 199680K, used 170843K [0x0000000080000000, 0x000000008c300000, 0x00000000d5580000)
  object space 199680K, 85% used [0x0000000080000000,0x000000008a6d6ea8,0x000000008c300000)
 Metaspace       used 101313K, capacity 107838K, committed 110360K, reserved 1144832K
  class space    used 13120K, capacity 14273K, committed 14888K, reserved 1048576K
GC Heap History (10 events):
Event: 884.625 GC heap before
{Heap before GC invocations=52 (full 6):
 PSYoungGen      total 389632K, used 309598K [0x00000000d5580000, 0x00000000f4400000, 0x0000000100000000)
  eden space 286720K, 100% used [0x00000000d5580000,0x00000000e6d80000,0x00000000e6d80000)
  from space 102912K, 22% used [0x00000000e6d80000,0x00000000e83d7860,0x00000000ed200000)
  to   space 99328K, 0% used [0x00000000ee300000,0x00000000ee300000,0x00000000f4400000)
 ParOldGen       total 199680K, used 170843K [0x0000000080000000, 0x000000008c300000, 0x00000000d5580000)
  object space 199680K, 85% used [0x0000000080000000,0x000000008a6d6ea8,0x000000008c300000)
 Metaspace       used 101216K, capacity 107690K, committed 110104K, reserved 1144832K
  class space    used 13120K, capacity 14273K, committed 14888K, reserved 1048576K
Event: 884.651 GC heap after
Heap after GC invocations=52 (full 6):
 PSYoungGen      total 399872K, used 25678K [0x00000000d5580000, 0x00000000f3c80000, 0x0000000100000000)
  eden space 308224K, 0% used [0x00000000d5580000,0x00000000d5580000,0x00000000e8280000)
  from space 91648K, 28% used [0x00000000ee300000,0x00000000efc13a88,0x00000000f3c80000)
  to   space 95232K, 0% used [0x00000000e8280000,0x00000000e8280000,0x00000000edf80000)
 ParOldGen       total 199680K, used 170843K [0x0000000080000000, 0x000000008c300000, 0x00000000d5580000)
  object space 199680K, 85% used [0x0000000080000000,0x000000008a6d6ea8,0x000000008c300000)
 Metaspace       used 101216K, capacity 107690K, committed 110104K, reserved 1144832K
  class space    used 13120K, capacity 14273K, committed 14888K, reserved 1048576K
}
Event: 884.986 GC heap before
{Heap before GC invocations=53 (full 6):
 PSYoungGen      total 399872K, used 333902K [0x00000000d5580000, 0x00000000f3c80000, 0x0000000100000000)
  eden space 308224K, 100% used [0x00000000d5580000,0x00000000e8280000,0x00000000e8280000)
  from space 91648K, 28% used [0x00000000ee300000,0x00000000efc13a88,0x00000000f3c80000)
  to   space 95232K, 0% used [0x00000000e8280000,0x00000000e8280000,0x00000000edf80000)
 ParOldGen       total 199680K, used 170843K [0x0000000080000000, 0x000000008c300000, 0x00000000d5580000)
  object space 199680K, 85% used [0x0000000080000000,0x000000008a6d6ea8,0x000000008c300000)
 Metaspace       used 101237K, capacity 107762K, committed 110104K, reserved 1144832K
  class space    used 13120K, capacity 14273K, committed 14888K, reserved 1048576K
Event: 885.019 GC heap after
Heap after GC invocations=53 (full 6):
 PSYoungGen      total 403456K, used 32650K [0x00000000d5580000, 0x00000000f4800000, 0x0000000100000000)
  eden space 308224K, 0% used [0x00000000d5580000,0x00000000d5580000,0x00000000e8280000)
  from space 95232K, 34% used [0x00000000e8280000,0x00000000ea262950,0x00000000edf80000)
  to   space 89600K, 0% used [0x00000000ef080000,0x00000000ef080000,0x00000000f4800000)
 ParOldGen       total 199680K, used 170843K [0x0000000080000000, 0x000000008c300000, 0x00000000d5580000)
  object space 199680K, 85% used [0x0000000080000000,0x000000008a6d6ea8,0x000000008c300000)
 Metaspace       used 101237K, capacity 107762K, committed 110104K, reserved 1144832K
  class space    used 13120K, capacity 14273K, committed 14888K, reserved 1048576K
}
Event: 885.376 GC heap before
{Heap before GC invocations=54 (full 6):
 PSYoungGen      total 403456K, used 340874K [0x00000000d5580000, 0x00000000f4800000, 0x0000000100000000)
  eden space 308224K, 100% used [0x00000000d5580000,0x00000000e8280000,0x00000000e8280000)
  from space 95232K, 34% used [0x00000000e8280000,0x00000000ea262950,0x00000000edf80000)
  to   space 89600K, 0% used [0x00000000ef080000,0x00000000ef080000,0x00000000f4800000)
 ParOldGen       total 199680K, used 170843K [0x0000000080000000, 0x000000008c300000, 0x00000000d5580000)
  object space 199680K, 85% used [0x0000000080000000,0x000000008a6d6ea8,0x000000008c300000)
 Metaspace       used 101269K, capacity 107762K, committed 110104K, reserved 1144832K
  class space    used 13120K, capacity 14273K, committed 14888K, reserved 1048576K
Event: 885.422 GC heap after
Heap after GC invocations=54 (full 6):
 PSYoungGen      total 420864K, used 50458K [0x00000000d5580000, 0x00000000f4980000, 0x0000000100000000)
  eden space 331264K, 0% used [0x00000000d5580000,0x00000000d5580000,0x00000000e9900000)
  from space 89600K, 56% used [0x00000000ef080000,0x00000000f21c6ae8,0x00000000f4800000)
  to   space 89600K, 0% used [0x00000000e9900000,0x00000000e9900000,0x00000000ef080000)
 ParOldGen       total 199680K, used 170843K [0x0000000080000000, 0x000000008c300000, 0x00000000d5580000)
  object space 199680K, 85% used [0x0000000080000000,0x000000008a6d6ea8,0x000000008c300000)
 Metaspace       used 101269K, capacity 107762K, committed 110104K, reserved 1144832K
  class space    used 13120K, capacity 14273K, committed 14888K, reserved 1048576K
}
Event: 885.758 GC heap before
{Heap before GC invocations=55 (full 6):
 PSYoungGen      total 420864K, used 381722K [0x00000000d5580000, 0x00000000f4980000, 0x0000000100000000)
  eden space 331264K, 100% used [0x00000000d5580000,0x00000000e9900000,0x00000000e9900000)
  from space 89600K, 56% used [0x00000000ef080000,0x00000000f21c6ae8,0x00000000f4800000)
  to   space 89600K, 0% used [0x00000000e9900000,0x00000000e9900000,0x00000000ef080000)
 ParOldGen       total 199680K, used 170843K [0x0000000080000000, 0x000000008c300000, 0x00000000d5580000)
  object space 199680K, 85% used [0x0000000080000000,0x000000008a6d6ea8,0x000000008c300000)
 Metaspace       used 101291K, capacity 107774K, committed 110104K, reserved 1144832K
  class space    used 13120K, capacity 14273K, committed 14888K, reserved 1048576K
Event: 885.798 GC heap after
Heap after GC invocations=55 (full 6):
 PSYoungGen      total 420864K, used 53024K [0x00000000d5580000, 0x00000000f4980000, 0x0000000100000000)
  eden space 331264K, 0% used [0x00000000d5580000,0x00000000d5580000,0x00000000e9900000)
  from space 89600K, 59% used [0x00000000e9900000,0x00000000eccc8320,0x00000000ef080000)
  to   space 89600K, 0% used [0x00000000ef080000,0x00000000ef080000,0x00000000f4800000)
 ParOldGen       total 199680K, used 170843K [0x0000000080000000, 0x000000008c300000, 0x00000000d5580000)
  object space 199680K, 85% used [0x0000000080000000,0x000000008a6d6ea8,0x000000008c300000)
 Metaspace       used 101291K, capacity 107774K, committed 110104K, reserved 1144832K
  class space    used 13120K, capacity 14273K, committed 14888K, reserved 1048576K
}
Event: 886.101 GC heap before
{Heap before GC invocations=56 (full 6):
 PSYoungGen      total 420864K, used 384288K [0x00000000d5580000, 0x00000000f4980000, 0x0000000100000000)
  eden space 331264K, 100% used [0x00000000d5580000,0x00000000e9900000,0x00000000e9900000)
  from space 89600K, 59% used [0x00000000e9900000,0x00000000eccc8320,0x00000000ef080000)
  to   space 89600K, 0% used [0x00000000ef080000,0x00000000ef080000,0x00000000f4800000)
 ParOldGen       total 199680K, used 170843K [0x0000000080000000, 0x000000008c300000, 0x00000000d5580000)
  object space 199680K, 85% used [0x0000000080000000,0x000000008a6d6ea8,0x000000008c300000)
 Metaspace       used 101301K, capacity 107774K, committed 110104K, reserved 1144832K
  class space    used 13120K, capacity 14273K, committed 14888K, reserved 1048576K
Event: 886.149 GC heap after
Heap after GC invocations=56 (full 6):
 PSYoungGen      total 420864K, used 60876K [0x00000000d5580000, 0x00000000f4980000, 0x0000000100000000)
  eden space 331264K, 0% used [0x00000000d5580000,0x00000000d5580000,0x00000000e9900000)
  from space 89600K, 67% used [0x00000000ef080000,0x00000000f2bf33a0,0x00000000f4800000)
  to   space 89600K, 0% used [0x00000000e9900000,0x00000000e9900000,0x00000000ef080000)
 ParOldGen       total 199680K, used 170843K [0x0000000080000000, 0x000000008c300000, 0x00000000d5580000)
  object space 199680K, 85% used [0x0000000080000000,0x000000008a6d6ea8,0x000000008c300000)
 Metaspace       used 101301K, capacity 107774K, committed 110104K, reserved 1144832K
  class space    used 13120K, capacity 14273K, committed 14888K, reserved 1048576K
}

