# JRE version: OpenJDK Runtime Environment (8.0_242-b01) (build 1.8.0_242-release-1644-b01)
# Java VM: OpenJDK 64-Bit Server VM (25.242-b01 mixed mode windows-amd64 compressed oops)
Heap:
 PSYoungGen      total 456192K, used 360842K [0x00000000d5580000, 0x00000000f3e80000, 0x0000000100000000)
  eden space 414720K, 87% used [0x00000000d5580000,0x00000000eb5e29e8,0x00000000eea80000)
  from space 41472K, 0% used [0x00000000f1600000,0x00000000f1600000,0x00000000f3e80000)
  to   space 43008K, 0% used [0x00000000eea80000,0x00000000eea80000,0x00000000f1480000)
 ParOldGen       total 161792K, used 158221K [0x0000000080000000, 0x0000000089e00000, 0x00000000d5580000)
  object space 161792K, 97% used [0x0000000080000000,0x0000000089a835a0,0x0000000089e00000)
 Metaspace       used 86534K, capacity 91040K, committed 94744K, reserved 1130496K
  class space    used 11570K, capacity 12432K, committed 13352K, reserved 1048576K
GC Heap History (10 events):
Event: 33.161 GC heap before
{Heap before GC invocations=52 (full 22):
 PSYoungGen      total 435712K, used 428779K [0x00000000d5580000, 0x00000000f3400000, 0x0000000100000000)
  eden space 396800K, 100% used [0x00000000d5580000,0x00000000ed900000,0x00000000ed900000)
  from space 38912K, 82% used [0x00000000ed900000,0x00000000ef83afc8,0x00000000eff00000)
  to   space 41472K, 0% used [0x00000000f0b80000,0x00000000f0b80000,0x00000000f3400000)
 ParOldGen       total 136704K, used 97530K [0x0000000080000000, 0x0000000088580000, 0x00000000d5580000)
  object space 136704K, 71% used [0x0000000080000000,0x0000000085f3e948,0x0000000088580000)
 Metaspace       used 85071K, capacity 89394K, committed 93336K, reserved 1130496K
  class space    used 11413K, capacity 12237K, committed 13224K, reserved 1048576K
Event: 33.187 GC heap after
Heap after GC invocations=52 (full 22):
 PSYoungGen      total 446464K, used 33184K [0x00000000d5580000, 0x00000000f3900000, 0x0000000100000000)
  eden space 404992K, 0% used [0x00000000d5580000,0x00000000d5580000,0x00000000ee100000)
  from space 41472K, 80% used [0x00000000f0b80000,0x00000000f2be80c8,0x00000000f3400000)
  to   space 43520K, 0% used [0x00000000ee100000,0x00000000ee100000,0x00000000f0b80000)
 ParOldGen       total 136704K, used 97530K [0x0000000080000000, 0x0000000088580000, 0x00000000d5580000)
  object space 136704K, 71% used [0x0000000080000000,0x0000000085f3e948,0x0000000088580000)
 Metaspace       used 85071K, capacity 89394K, committed 93336K, reserved 1130496K
  class space    used 11413K, capacity 12237K, committed 13224K, reserved 1048576K
}
Event: 33.771 GC heap before
{Heap before GC invocations=53 (full 22):
 PSYoungGen      total 446464K, used 438176K [0x00000000d5580000, 0x00000000f3900000, 0x0000000100000000)
  eden space 404992K, 100% used [0x00000000d5580000,0x00000000ee100000,0x00000000ee100000)
  from space 41472K, 80% used [0x00000000f0b80000,0x00000000f2be80c8,0x00000000f3400000)
  to   space 43520K, 0% used [0x00000000ee100000,0x00000000ee100000,0x00000000f0b80000)
 ParOldGen       total 136704K, used 97530K [0x0000000080000000, 0x0000000088580000, 0x00000000d5580000)
  object space 136704K, 71% used [0x0000000080000000,0x0000000085f3e948,0x0000000088580000)
 Metaspace       used 85074K, capacity 89394K, committed 93336K, reserved 1130496K
  class space    used 11413K, capacity 12237K, committed 13224K, reserved 1048576K
Event: 33.791 GC heap after
Heap after GC invocations=53 (full 22):
 PSYoungGen      total 448512K, used 27873K [0x00000000d5580000, 0x00000000f4080000, 0x0000000100000000)
  eden space 404992K, 0% used [0x00000000d5580000,0x00000000d5580000,0x00000000ee100000)
  from space 43520K, 64% used [0x00000000ee100000,0x00000000efc38448,0x00000000f0b80000)
  to   space 43520K, 0% used [0x00000000f1600000,0x00000000f1600000,0x00000000f4080000)
 ParOldGen       total 136704K, used 97530K [0x0000000080000000, 0x0000000088580000, 0x00000000d5580000)
  object space 136704K, 71% used [0x0000000080000000,0x0000000085f3e948,0x0000000088580000)
 Metaspace       used 85074K, capacity 89394K, committed 93336K, reserved 1130496K
  class space    used 11413K, capacity 12237K, committed 13224K, reserved 1048576K
}
Event: 34.926 GC heap before
{Heap before GC invocations=54 (full 22):
 PSYoungGen      total 448512K, used 432865K [0x00000000d5580000, 0x00000000f4080000, 0x0000000100000000)
  eden space 404992K, 100% used [0x00000000d5580000,0x00000000ee100000,0x00000000ee100000)
  from space 43520K, 64% used [0x00000000ee100000,0x00000000efc38448,0x00000000f0b80000)
  to   space 43520K, 0% used [0x00000000f1600000,0x00000000f1600000,0x00000000f4080000)
 ParOldGen       total 136704K, used 97530K [0x0000000080000000, 0x0000000088580000, 0x00000000d5580000)
  object space 136704K, 71% used [0x0000000080000000,0x0000000085f3e948,0x0000000088580000)
 Metaspace       used 85090K, capacity 89394K, committed 93336K, reserved 1130496K
  class space    used 11413K, capacity 12237K, committed 13224K, reserved 1048576K
Event: 34.949 GC heap after
Heap after GC invocations=54 (full 22):
 PSYoungGen      total 456192K, used 26876K [0x00000000d5580000, 0x00000000f3e80000, 0x0000000100000000)
  eden space 414720K, 0% used [0x00000000d5580000,0x00000000d5580000,0x00000000eea80000)
  from space 41472K, 64% used [0x00000000f1600000,0x00000000f303f0d0,0x00000000f3e80000)
  to   space 43008K, 0% used [0x00000000eea80000,0x00000000eea80000,0x00000000f1480000)
 ParOldGen       total 136704K, used 97530K [0x0000000080000000, 0x0000000088580000, 0x00000000d5580000)
  object space 136704K, 71% used [0x0000000080000000,0x0000000085f3e948,0x0000000088580000)
 Metaspace       used 85090K, capacity 89394K, committed 93336K, reserved 1130496K
  class space    used 11413K, capacity 12237K, committed 13224K, reserved 1048576K
}
Event: 36.250 GC heap before
{Heap before GC invocations=55 (full 22):
 PSYoungGen      total 456192K, used 441596K [0x00000000d5580000, 0x00000000f3e80000, 0x0000000100000000)
  eden space 414720K, 100% used [0x00000000d5580000,0x00000000eea80000,0x00000000eea80000)
  from space 41472K, 64% used [0x00000000f1600000,0x00000000f303f0d0,0x00000000f3e80000)
  to   space 43008K, 0% used [0x00000000eea80000,0x00000000eea80000,0x00000000f1480000)
 ParOldGen       total 136704K, used 97530K [0x0000000080000000, 0x0000000088580000, 0x00000000d5580000)
  object space 136704K, 71% used [0x0000000080000000,0x0000000085f3e948,0x0000000088580000)
 Metaspace       used 86309K, capacity 90810K, committed 94360K, reserved 1130496K
  class space    used 11559K, capacity 12395K, committed 13224K, reserved 1048576K
Event: 36.411 GC heap after
Heap after GC invocations=55 (full 22):
 PSYoungGen      total 456192K, used 441596K [0x00000000d5580000, 0x00000000f3e80000, 0x0000000100000000)
  eden space 414720K, 100% used [0x00000000d5580000,0x00000000eea80000,0x00000000eea80000)
  from space 41472K, 64% used [0x00000000f1600000,0x00000000f303f0d0,0x00000000f3e80000)
  to   space 43008K, 99% used [0x00000000eea80000,0x00000000f147a858,0x00000000f1480000)
 ParOldGen       total 161792K, used 161714K [0x0000000080000000, 0x0000000089e00000, 0x00000000d5580000)
  object space 161792K, 99% used [0x0000000080000000,0x0000000089decae0,0x0000000089e00000)
 Metaspace       used 86309K, capacity 90810K, committed 94360K, reserved 1130496K
  class space    used 11559K, capacity 12395K, committed 13224K, reserved 1048576K
}
Event: 36.411 GC heap before
{Heap before GC invocations=56 (full 23):
 PSYoungGen      total 456192K, used 441596K [0x00000000d5580000, 0x00000000f3e80000, 0x0000000100000000)
  eden space 414720K, 100% used [0x00000000d5580000,0x00000000eea80000,0x00000000eea80000)
  from space 41472K, 64% used [0x00000000f1600000,0x00000000f303f0d0,0x00000000f3e80000)
  to   space 43008K, 99% used [0x00000000eea80000,0x00000000f147a858,0x00000000f1480000)
 ParOldGen       total 161792K, used 161714K [0x0000000080000000, 0x0000000089e00000, 0x00000000d5580000)
  object space 161792K, 99% used [0x0000000080000000,0x0000000089decae0,0x0000000089e00000)
 Metaspace       used 86309K, capacity 90810K, committed 94360K, reserved 1130496K
  class space    used 11559K, capacity 12395K, committed 13224K, reserved 1048576K
Event: 36.781 GC heap after
Heap after GC invocations=56 (full 23):
 PSYoungGen      total 456192K, used 0K [0x00000000d5580000, 0x00000000f3e80000, 0x0000000100000000)
  eden space 414720K, 0% used [0x00000000d5580000,0x00000000d5580000,0x00000000eea80000)
  from space 41472K, 0% used [0x00000000f1600000,0x00000000f1600000,0x00000000f3e80000)
  to   space 43008K, 0% used [0x00000000eea80000,0x00000000eea80000,0x00000000f1480000)
 ParOldGen       total 161792K, used 158221K [0x0000000080000000, 0x0000000089e00000, 0x00000000d5580000)
  object space 161792K, 97% used [0x0000000080000000,0x0000000089a835a0,0x0000000089e00000)
 Metaspace       used 86243K, capacity 90634K, committed 94360K, reserved 1130496K
  class space    used 11535K, capacity 12351K, committed 13224K, reserved 1048576K
}

