# JRE version: OpenJDK Runtime Environment (8.0_242-b01) (build 1.8.0_242-release-1644-b01)
# Java VM: OpenJDK 64-Bit Server VM (25.242-b01 mixed mode windows-amd64 compressed oops)
Heap:
 PSYoungGen      total 102912K, used 65552K [0x00000000d5d80000, 0x00000000de980000, 0x0000000100000000)
  eden space 97792K, 67% used [0x00000000d5d80000,0x00000000d9d841b0,0x00000000dbd00000)
  from space 5120K, 0% used [0x00000000ddf80000,0x00000000ddf80000,0x00000000de480000)
  to   space 5120K, 0% used [0x00000000de480000,0x00000000de480000,0x00000000de980000)
 ParOldGen       total 65024K, used 22440K [0x0000000081800000, 0x0000000085780000, 0x00000000d5d80000)
  object space 65024K, 34% used [0x0000000081800000,0x0000000082dea138,0x0000000085780000)
 Metaspace       used 41944K, capacity 42612K, committed 43008K, reserved 1087488K
  class space    used 5352K, capacity 5524K, committed 5632K, reserved 1048576K
GC Heap History (10 events):
Event: 1.090 GC heap before
{Heap before GC invocations=3 (full 0):
 PSYoungGen      total 71680K, used 24169K [0x00000000d5d80000, 0x00000000da880000, 0x0000000100000000)
  eden space 66560K, 28% used [0x00000000d5d80000,0x00000000d701f388,0x00000000d9e80000)
  from space 5120K, 99% used [0x00000000da380000,0x00000000da87b148,0x00000000da880000)
  to   space 5120K, 0% used [0x00000000d9e80000,0x00000000d9e80000,0x00000000da380000)
 ParOldGen       total 87552K, used 7854K [0x0000000081800000, 0x0000000086d80000, 0x00000000d5d80000)
  object space 87552K, 8% used [0x0000000081800000,0x0000000081faba88,0x0000000086d80000)
 Metaspace       used 20757K, capacity 21178K, committed 21296K, reserved 1069056K
  class space    used 2473K, capacity 2628K, committed 2688K, reserved 1048576K
Event: 1.098 GC heap after
Heap after GC invocations=3 (full 0):
 PSYoungGen      total 71680K, used 5116K [0x00000000d5d80000, 0x00000000de980000, 0x0000000100000000)
  eden space 66560K, 0% used [0x00000000d5d80000,0x00000000d5d80000,0x00000000d9e80000)
  from space 5120K, 99% used [0x00000000d9e80000,0x00000000da37f148,0x00000000da380000)
  to   space 5120K, 0% used [0x00000000de480000,0x00000000de480000,0x00000000de980000)
 ParOldGen       total 87552K, used 11943K [0x0000000081800000, 0x0000000086d80000, 0x00000000d5d80000)
  object space 87552K, 13% used [0x0000000081800000,0x00000000823a9c10,0x0000000086d80000)
 Metaspace       used 20757K, capacity 21178K, committed 21296K, reserved 1069056K
  class space    used 2473K, capacity 2628K, committed 2688K, reserved 1048576K
}
Event: 1.098 GC heap before
{Heap before GC invocations=4 (full 1):
 PSYoungGen      total 71680K, used 5116K [0x00000000d5d80000, 0x00000000de980000, 0x0000000100000000)
  eden space 66560K, 0% used [0x00000000d5d80000,0x00000000d5d80000,0x00000000d9e80000)
  from space 5120K, 99% used [0x00000000d9e80000,0x00000000da37f148,0x00000000da380000)
  to   space 5120K, 0% used [0x00000000de480000,0x00000000de480000,0x00000000de980000)
 ParOldGen       total 87552K, used 11943K [0x0000000081800000, 0x0000000086d80000, 0x00000000d5d80000)
  object space 87552K, 13% used [0x0000000081800000,0x00000000823a9c10,0x0000000086d80000)
 Metaspace       used 20757K, capacity 21178K, committed 21296K, reserved 1069056K
  class space    used 2473K, capacity 2628K, committed 2688K, reserved 1048576K
Event: 1.122 GC heap after
Heap after GC invocations=4 (full 1):
 PSYoungGen      total 71680K, used 0K [0x00000000d5d80000, 0x00000000de980000, 0x0000000100000000)
  eden space 66560K, 0% used [0x00000000d5d80000,0x00000000d5d80000,0x00000000d9e80000)
  from space 5120K, 0% used [0x00000000d9e80000,0x00000000d9e80000,0x00000000da380000)
  to   space 5120K, 0% used [0x00000000de480000,0x00000000de480000,0x00000000de980000)
 ParOldGen       total 65024K, used 9050K [0x0000000081800000, 0x0000000085780000, 0x00000000d5d80000)
  object space 65024K, 13% used [0x0000000081800000,0x00000000820d6a58,0x0000000085780000)
 Metaspace       used 20757K, capacity 21178K, committed 21296K, reserved 1069056K
  class space    used 2473K, capacity 2628K, committed 2688K, reserved 1048576K
}
Event: 1.818 GC heap before
{Heap before GC invocations=5 (full 1):
 PSYoungGen      total 71680K, used 66560K [0x00000000d5d80000, 0x00000000de980000, 0x0000000100000000)
  eden space 66560K, 100% used [0x00000000d5d80000,0x00000000d9e80000,0x00000000d9e80000)
  from space 5120K, 0% used [0x00000000d9e80000,0x00000000d9e80000,0x00000000da380000)
  to   space 5120K, 0% used [0x00000000de480000,0x00000000de480000,0x00000000de980000)
 ParOldGen       total 65024K, used 9050K [0x0000000081800000, 0x0000000085780000, 0x00000000d5d80000)
  object space 65024K, 13% used [0x0000000081800000,0x00000000820d6a58,0x0000000085780000)
 Metaspace       used 27990K, capacity 28403K, committed 28672K, reserved 1075200K
  class space    used 3412K, capacity 3532K, committed 3584K, reserved 1048576K
Event: 1.829 GC heap after
Heap after GC invocations=5 (full 1):
 PSYoungGen      total 102912K, used 5091K [0x00000000d5d80000, 0x00000000de980000, 0x0000000100000000)
  eden space 97792K, 0% used [0x00000000d5d80000,0x00000000d5d80000,0x00000000dbd00000)
  from space 5120K, 99% used [0x00000000de480000,0x00000000de978c20,0x00000000de980000)
  to   space 5120K, 0% used [0x00000000ddf80000,0x00000000ddf80000,0x00000000de480000)
 ParOldGen       total 65024K, used 19260K [0x0000000081800000, 0x0000000085780000, 0x00000000d5d80000)
  object space 65024K, 29% used [0x0000000081800000,0x0000000082acf1a8,0x0000000085780000)
 Metaspace       used 27990K, capacity 28403K, committed 28672K, reserved 1075200K
  class space    used 3412K, capacity 3532K, committed 3584K, reserved 1048576K
}
Event: 2.319 GC heap before
{Heap before GC invocations=6 (full 1):
 PSYoungGen      total 102912K, used 44407K [0x00000000d5d80000, 0x00000000de980000, 0x0000000100000000)
  eden space 97792K, 40% used [0x00000000d5d80000,0x00000000d83e52f8,0x00000000dbd00000)
  from space 5120K, 99% used [0x00000000de480000,0x00000000de978c20,0x00000000de980000)
  to   space 5120K, 0% used [0x00000000ddf80000,0x00000000ddf80000,0x00000000de480000)
 ParOldGen       total 65024K, used 19260K [0x0000000081800000, 0x0000000085780000, 0x00000000d5d80000)
  object space 65024K, 29% used [0x0000000081800000,0x0000000082acf1a8,0x0000000085780000)
 Metaspace       used 34820K, capacity 35356K, committed 35496K, reserved 1081344K
  class space    used 4440K, capacity 4590K, committed 4608K, reserved 1048576K
Event: 2.328 GC heap after
Heap after GC invocations=6 (full 1):
 PSYoungGen      total 102912K, used 5093K [0x00000000d5d80000, 0x00000000de980000, 0x0000000100000000)
  eden space 97792K, 0% used [0x00000000d5d80000,0x00000000d5d80000,0x00000000dbd00000)
  from space 5120K, 99% used [0x00000000ddf80000,0x00000000de4796b0,0x00000000de480000)
  to   space 5120K, 0% used [0x00000000de480000,0x00000000de480000,0x00000000de980000)
 ParOldGen       total 65024K, used 28499K [0x0000000081800000, 0x0000000085780000, 0x00000000d5d80000)
  object space 65024K, 43% used [0x0000000081800000,0x00000000833d4da8,0x0000000085780000)
 Metaspace       used 34820K, capacity 35356K, committed 35496K, reserved 1081344K
  class space    used 4440K, capacity 4590K, committed 4608K, reserved 1048576K
}
Event: 2.328 GC heap before
{Heap before GC invocations=7 (full 2):
 PSYoungGen      total 102912K, used 5093K [0x00000000d5d80000, 0x00000000de980000, 0x0000000100000000)
  eden space 97792K, 0% used [0x00000000d5d80000,0x00000000d5d80000,0x00000000dbd00000)
  from space 5120K, 99% used [0x00000000ddf80000,0x00000000de4796b0,0x00000000de480000)
  to   space 5120K, 0% used [0x00000000de480000,0x00000000de480000,0x00000000de980000)
 ParOldGen       total 65024K, used 28499K [0x0000000081800000, 0x0000000085780000, 0x00000000d5d80000)
  object space 65024K, 43% used [0x0000000081800000,0x00000000833d4da8,0x0000000085780000)
 Metaspace       used 34820K, capacity 35356K, committed 35496K, reserved 1081344K
  class space    used 4440K, capacity 4590K, committed 4608K, reserved 1048576K
Event: 2.386 GC heap after
Heap after GC invocations=7 (full 2):
 PSYoungGen      total 102912K, used 0K [0x00000000d5d80000, 0x00000000de980000, 0x0000000100000000)
  eden space 97792K, 0% used [0x00000000d5d80000,0x00000000d5d80000,0x00000000dbd00000)
  from space 5120K, 0% used [0x00000000ddf80000,0x00000000ddf80000,0x00000000de480000)
  to   space 5120K, 0% used [0x00000000de480000,0x00000000de480000,0x00000000de980000)
 ParOldGen       total 65024K, used 22440K [0x0000000081800000, 0x0000000085780000, 0x00000000d5d80000)
  object space 65024K, 34% used [0x0000000081800000,0x0000000082dea138,0x0000000085780000)
 Metaspace       used 34820K, capacity 35356K, committed 35496K, reserved 1081344K
  class space    used 4440K, capacity 4590K, committed 4608K, reserved 1048576K
}

